[2023-10-26 20:50:34] [ ERROR] [PacienteDaoH2:95] Table "PACIENTES" not found (this database is empty); SQL statement:
SELECT * FROM PACIENTES [42104-222]
[2023-10-26 20:50:35] [ ERROR] [DomicilioDaoH2:48] Table "DOMICILIOS" not found (this database is empty); SQL statement:
INSERT INTO DOMICILIOS (CALLE, NUMERO, LOCALIDAD, PROVINCIA) VALUES (?, ?, ?, ?) [42104-222]
[2023-10-26 20:50:35] [ INFO ] [DomicilioDaoH2:53] Tuvimos un problema
[2023-10-26 20:50:35] [ ERROR] [DomicilioDaoH2:54] Table "DOMICILIOS" not found (this database is empty); SQL statement:
INSERT INTO DOMICILIOS (CALLE, NUMERO, LOCALIDAD, PROVINCIA) VALUES (?, ?, ?, ?) [42104-222]
[2023-10-26 20:50:35] [ ERROR] [PacienteDaoH2:50] Table "PACIENTES" not found (this database is empty); SQL statement:
INSERT INTO PACIENTES (NOMBRE, APELLIDO, DNI, FECHA, DOMICILIO_ID) VALUES (?, ?, ?, ?, ?) [42104-222]
[2023-10-26 20:50:35] [ INFO ] [PacienteDaoH2:55] Tuvimos un problema
[2023-10-26 20:50:35] [ ERROR] [PacienteDaoH2:56] Table "PACIENTES" not found (this database is empty); SQL statement:
INSERT INTO PACIENTES (NOMBRE, APELLIDO, DNI, FECHA, DOMICILIO_ID) VALUES (?, ?, ?, ?, ?) [42104-222]
[2023-10-26 20:50:58] [ ERROR] [PacienteDaoH2:95] Table "PACIENTES" not found (this database is empty); SQL statement:
SELECT * FROM PACIENTES [42104-222]
[2023-10-26 20:50:58] [ ERROR] [DomicilioDaoH2:48] Table "DOMICILIOS" not found (this database is empty); SQL statement:
INSERT INTO DOMICILIOS (CALLE, NUMERO, LOCALIDAD, PROVINCIA) VALUES (?, ?, ?, ?) [42104-222]
[2023-10-26 20:50:58] [ INFO ] [DomicilioDaoH2:53] Tuvimos un problema
[2023-10-26 20:50:58] [ ERROR] [DomicilioDaoH2:54] Table "DOMICILIOS" not found (this database is empty); SQL statement:
INSERT INTO DOMICILIOS (CALLE, NUMERO, LOCALIDAD, PROVINCIA) VALUES (?, ?, ?, ?) [42104-222]
[2023-10-26 20:50:58] [ ERROR] [PacienteDaoH2:50] Table "PACIENTES" not found (this database is empty); SQL statement:
INSERT INTO PACIENTES (NOMBRE, APELLIDO, DNI, FECHA, DOMICILIO_ID) VALUES (?, ?, ?, ?, ?) [42104-222]
[2023-10-26 20:50:58] [ INFO ] [PacienteDaoH2:55] Tuvimos un problema
[2023-10-26 20:50:58] [ ERROR] [PacienteDaoH2:56] Table "PACIENTES" not found (this database is empty); SQL statement:
INSERT INTO PACIENTES (NOMBRE, APELLIDO, DNI, FECHA, DOMICILIO_ID) VALUES (?, ?, ?, ?, ?) [42104-222]
[2023-10-26 20:51:31] [ ERROR] [PacienteDaoH2:95] Table "PACIENTES" not found (this database is empty); SQL statement:
SELECT * FROM PACIENTES [42104-222]
[2023-10-26 20:51:31] [ ERROR] [DomicilioDaoH2:48] Table "DOMICILIOS" not found (this database is empty); SQL statement:
INSERT INTO DOMICILIOS (CALLE, NUMERO, LOCALIDAD, PROVINCIA) VALUES (?, ?, ?, ?) [42104-222]
[2023-10-26 20:51:31] [ INFO ] [DomicilioDaoH2:53] Tuvimos un problema
[2023-10-26 20:51:31] [ ERROR] [DomicilioDaoH2:54] Table "DOMICILIOS" not found (this database is empty); SQL statement:
INSERT INTO DOMICILIOS (CALLE, NUMERO, LOCALIDAD, PROVINCIA) VALUES (?, ?, ?, ?) [42104-222]
[2023-10-26 20:51:31] [ ERROR] [PacienteDaoH2:50] Table "PACIENTES" not found (this database is empty); SQL statement:
INSERT INTO PACIENTES (NOMBRE, APELLIDO, DNI, FECHA, DOMICILIO_ID) VALUES (?, ?, ?, ?, ?) [42104-222]
[2023-10-26 20:51:31] [ INFO ] [PacienteDaoH2:55] Tuvimos un problema
[2023-10-26 20:51:31] [ ERROR] [PacienteDaoH2:56] Table "PACIENTES" not found (this database is empty); SQL statement:
INSERT INTO PACIENTES (NOMBRE, APELLIDO, DNI, FECHA, DOMICILIO_ID) VALUES (?, ?, ?, ?, ?) [42104-222]
[2023-10-26 20:52:48] [ ERROR] [PacienteDaoH2:95] Table "PACIENTES" not found (this database is empty); SQL statement:
SELECT * FROM PACIENTES [42104-222]
[2023-10-26 20:52:48] [ ERROR] [DomicilioDaoH2:48] Table "DOMICILIOS" not found (this database is empty); SQL statement:
INSERT INTO DOMICILIOS (CALLE, NUMERO, LOCALIDAD, PROVINCIA) VALUES (?, ?, ?, ?) [42104-222]
[2023-10-26 20:52:48] [ INFO ] [DomicilioDaoH2:53] Tuvimos un problema
[2023-10-26 20:52:48] [ ERROR] [DomicilioDaoH2:54] Table "DOMICILIOS" not found (this database is empty); SQL statement:
INSERT INTO DOMICILIOS (CALLE, NUMERO, LOCALIDAD, PROVINCIA) VALUES (?, ?, ?, ?) [42104-222]
[2023-10-26 20:52:48] [ ERROR] [PacienteDaoH2:50] Table "PACIENTES" not found (this database is empty); SQL statement:
INSERT INTO PACIENTES (NOMBRE, APELLIDO, DNI, FECHA, DOMICILIO_ID) VALUES (?, ?, ?, ?, ?) [42104-222]
[2023-10-26 20:52:48] [ INFO ] [PacienteDaoH2:55] Tuvimos un problema
[2023-10-26 20:52:48] [ ERROR] [PacienteDaoH2:56] Table "PACIENTES" not found (this database is empty); SQL statement:
INSERT INTO PACIENTES (NOMBRE, APELLIDO, DNI, FECHA, DOMICILIO_ID) VALUES (?, ?, ?, ?, ?) [42104-222]
[2023-10-26 21:26:31] [ ERROR] [PacienteDaoH2:95] Table "PACIENTES" not found (this database is empty); SQL statement:
SELECT * FROM PACIENTES [42104-222]
[2023-10-26 21:26:31] [ ERROR] [DomicilioDaoH2:48] Table "DOMICILIOS" not found (this database is empty); SQL statement:
INSERT INTO DOMICILIOS (CALLE, NUMERO, LOCALIDAD, PROVINCIA) VALUES (?, ?, ?, ?) [42104-222]
[2023-10-26 21:26:31] [ INFO ] [DomicilioDaoH2:53] Tuvimos un problema
[2023-10-26 21:26:31] [ ERROR] [DomicilioDaoH2:54] Table "DOMICILIOS" not found (this database is empty); SQL statement:
INSERT INTO DOMICILIOS (CALLE, NUMERO, LOCALIDAD, PROVINCIA) VALUES (?, ?, ?, ?) [42104-222]
[2023-10-26 21:26:31] [ ERROR] [PacienteDaoH2:50] Table "PACIENTES" not found (this database is empty); SQL statement:
INSERT INTO PACIENTES (NOMBRE, APELLIDO, DNI, FECHA, DOMICILIO_ID) VALUES (?, ?, ?, ?, ?) [42104-222]
[2023-10-26 21:26:31] [ INFO ] [PacienteDaoH2:55] Tuvimos un problema
[2023-10-26 21:26:31] [ ERROR] [PacienteDaoH2:56] Table "PACIENTES" not found (this database is empty); SQL statement:
INSERT INTO PACIENTES (NOMBRE, APELLIDO, DNI, FECHA, DOMICILIO_ID) VALUES (?, ?, ?, ?, ?) [42104-222]
[2023-10-26 21:27:35] [ ERROR] [PacienteDaoH2:95] Table "PACIENTES" not found (this database is empty); SQL statement:
SELECT * FROM PACIENTES [42104-222]
[2023-10-26 21:27:36] [ ERROR] [DomicilioDaoH2:48] Table "DOMICILIOS" not found (this database is empty); SQL statement:
INSERT INTO DOMICILIOS (CALLE, NUMERO, LOCALIDAD, PROVINCIA) VALUES (?, ?, ?, ?) [42104-222]
[2023-10-26 21:27:36] [ INFO ] [DomicilioDaoH2:53] Tuvimos un problema
[2023-10-26 21:27:36] [ ERROR] [DomicilioDaoH2:54] Table "DOMICILIOS" not found (this database is empty); SQL statement:
INSERT INTO DOMICILIOS (CALLE, NUMERO, LOCALIDAD, PROVINCIA) VALUES (?, ?, ?, ?) [42104-222]
[2023-10-26 21:27:36] [ ERROR] [PacienteDaoH2:50] Table "PACIENTES" not found (this database is empty); SQL statement:
INSERT INTO PACIENTES (NOMBRE, APELLIDO, DNI, FECHA, DOMICILIO_ID) VALUES (?, ?, ?, ?, ?) [42104-222]
[2023-10-26 21:27:36] [ INFO ] [PacienteDaoH2:55] Tuvimos un problema
[2023-10-26 21:27:36] [ ERROR] [PacienteDaoH2:56] Table "PACIENTES" not found (this database is empty); SQL statement:
INSERT INTO PACIENTES (NOMBRE, APELLIDO, DNI, FECHA, DOMICILIO_ID) VALUES (?, ?, ?, ?, ?) [42104-222]
[2023-10-26 21:28:27] [ INFO ] [DomicilioDaoH2:126] Se ha encontrado el domicilio: Id: 1 - Calle: Av Siempre Viva - Numero: 742 - Localidad: Springfield - Provincia: Massachusetts
[2023-10-26 21:28:27] [ INFO ] [DomicilioDaoH2:126] Se ha encontrado el domicilio: Id: 2 - Calle: Calle Wallaby - Numero: 42 - Localidad: Sydney - Provincia: Nueva Gales del Sur
[2023-10-26 21:28:27] [ INFO ] [PacienteDaoH2:91] Listado de todos los pacientes: [Id: 1 - Nombre: Emiliano - Apellido: Cellilli - DNI: 35464856 - Fechas de ingreso: 2023-05-24 - Domicilio: Id: 1 - Calle: Av Siempre Viva - Numero: 742 - Localidad: Springfield - Provincia: Massachusetts, Id: 2 - Nombre: Pablo - Apellido: Clemente - DNI: 3548546 - Fechas de ingreso: 2023-05-24 - Domicilio: Id: 2 - Calle: Calle Wallaby - Numero: 42 - Localidad: Sydney - Provincia: Nueva Gales del Sur]
[2023-10-26 21:28:27] [ INFO ] [DomicilioDaoH2:43] Se ha registrado el domicilio: Id: 3 - Calle: Calle - Numero: 13 - Localidad: Localidad - Provincia: Provincia
[2023-10-26 21:28:27] [ INFO ] [PacienteDaoH2:47] Se ha registrado el paciente: Id: 3 - Nombre: Nombre - Apellido: Apellido - DNI: 123456 - Fechas de ingreso: 2023-05-02 - Domicilio: Id: 3 - Calle: Calle - Numero: 13 - Localidad: Localidad - Provincia: Provincia
[2023-10-26 21:29:39] [ INFO ] [DomicilioDaoH2:126] Se ha encontrado el domicilio: Id: 1 - Calle: Av Siempre Viva - Numero: 742 - Localidad: Springfield - Provincia: Massachusetts
[2023-10-26 21:29:39] [ INFO ] [DomicilioDaoH2:126] Se ha encontrado el domicilio: Id: 2 - Calle: Calle Wallaby - Numero: 42 - Localidad: Sydney - Provincia: Nueva Gales del Sur
[2023-10-26 21:29:39] [ INFO ] [DomicilioDaoH2:126] Se ha encontrado el domicilio: Id: 3 - Calle: Calle - Numero: 13 - Localidad: Localidad - Provincia: Provincia
[2023-10-26 21:29:39] [ INFO ] [PacienteDaoH2:91] Listado de todos los pacientes: [Id: 1 - Nombre: Emiliano - Apellido: Cellilli - DNI: 35464856 - Fechas de ingreso: 2023-05-24 - Domicilio: Id: 1 - Calle: Av Siempre Viva - Numero: 742 - Localidad: Springfield - Provincia: Massachusetts, Id: 2 - Nombre: Pablo - Apellido: Clemente - DNI: 3548546 - Fechas de ingreso: 2023-05-24 - Domicilio: Id: 2 - Calle: Calle Wallaby - Numero: 42 - Localidad: Sydney - Provincia: Nueva Gales del Sur, Id: 3 - Nombre: Nombre - Apellido: Apellido - DNI: 123456 - Fechas de ingreso: 2023-05-02 - Domicilio: Id: 3 - Calle: Calle - Numero: 13 - Localidad: Localidad - Provincia: Provincia]
[2023-10-26 21:29:39] [ INFO ] [DomicilioDaoH2:43] Se ha registrado el domicilio: Id: 4 - Calle: Calle - Numero: 13 - Localidad: Localidad - Provincia: Provincia
[2023-10-26 21:29:39] [ INFO ] [PacienteDaoH2:47] Se ha registrado el paciente: Id: 4 - Nombre: Nombre - Apellido: Apellido - DNI: 123456 - Fechas de ingreso: 2023-05-02 - Domicilio: Id: 4 - Calle: Calle - Numero: 13 - Localidad: Localidad - Provincia: Provincia
[2023-10-31 12:14:42] [ INFO ] [OdontologoDaoH2:79] Listado de todos los odontologos: [Id: 1 - Nombre: P. - Apellido: Sherman - Matricula: 4568]
[2023-10-31 12:14:43] [ INFO ] [OdontologoDaoH2:38] Se ha registrado el odontologo: Id: 2 - Nombre: Patricia - Apellido: Damiani - Matricula: 12345
[2023-10-31 12:15:11] [ INFO ] [DomicilioDaoH2:126] Se ha encontrado el domicilio: Id: 1 - Calle: Av Siempre Viva - Numero: 742 - Localidad: Springfield - Provincia: Massachusetts
[2023-10-31 12:15:11] [ INFO ] [DomicilioDaoH2:126] Se ha encontrado el domicilio: Id: 2 - Calle: Calle Wallaby - Numero: 42 - Localidad: Sydney - Provincia: Nueva Gales del Sur
[2023-10-31 12:15:11] [ INFO ] [PacienteDaoH2:91] Listado de todos los pacientes: [Id: 1 - Nombre: Emiliano - Apellido: Cellilli - DNI: 35464856 - Fechas de ingreso: 2023-05-24 - Domicilio: Id: 1 - Calle: Av Siempre Viva - Numero: 742 - Localidad: Springfield - Provincia: Massachusetts, Id: 2 - Nombre: Pablo - Apellido: Clemente - DNI: 3548546 - Fechas de ingreso: 2023-05-24 - Domicilio: Id: 2 - Calle: Calle Wallaby - Numero: 42 - Localidad: Sydney - Provincia: Nueva Gales del Sur]
[2023-10-31 12:15:11] [ INFO ] [DomicilioDaoH2:43] Se ha registrado el domicilio: Id: 3 - Calle: Calle - Numero: 13 - Localidad: Localidad - Provincia: Provincia
[2023-10-31 12:15:11] [ INFO ] [PacienteDaoH2:47] Se ha registrado el paciente: Id: 3 - Nombre: Nombre - Apellido: Apellido - DNI: 123456 - Fechas de ingreso: 2023-05-02 - Domicilio: Id: 3 - Calle: Calle - Numero: 13 - Localidad: Localidad - Provincia: Provincia
